# Logfile created on 2017-12-03 20:44:10 +0530 by logger.rb/56438
  INFO ---------------------------------------------------------------------------
  INFO START 2017-12-03 20:44:10 +0530 cap production deploy
  INFO ---------------------------------------------------------------------------
  INFO ---------------------------------------------------------------------------
  INFO START 2017-12-03 20:51:19 +0530 cap production deploy
  INFO ---------------------------------------------------------------------------
  INFO ---------------------------------------------------------------------------
  INFO START 2017-12-03 20:52:57 +0530 cap production deploy
  INFO ---------------------------------------------------------------------------
 DEBUG [d45a8a18] Running ~/.rvm/bin/rvm version as deploy@18.217.125.30
 DEBUG [d45a8a18] Command: ~/.rvm/bin/rvm version
  INFO ---------------------------------------------------------------------------
  INFO START 2017-12-09 21:58:23 +0530 cap production deploy
  INFO ---------------------------------------------------------------------------
 DEBUG [ff4c9f49] Running ~/.rvm/bin/rvm version as deploy@18.217.125.30
 DEBUG [ff4c9f49] Command: ~/.rvm/bin/rvm version
  INFO ---------------------------------------------------------------------------
  INFO START 2017-12-09 22:00:16 +0530 cap production deploy
  INFO ---------------------------------------------------------------------------
 DEBUG [2b35e4ce] Running ~/.rvm/bin/rvm version as deploy@18.217.125.30
 DEBUG [2b35e4ce] Command: ~/.rvm/bin/rvm version
  INFO ---------------------------------------------------------------------------
  INFO START 2017-12-09 23:26:28 +0530 cap production deploy
  INFO ---------------------------------------------------------------------------
 DEBUG [7acb4c89] Running ~/.rvm/bin/rvm version as deploy@18.217.125.30
 DEBUG [7acb4c89] Command: ~/.rvm/bin/rvm version
  INFO ---------------------------------------------------------------------------
  INFO START 2017-12-10 07:53:29 +0530 cap production ssh:doctor
  INFO ---------------------------------------------------------------------------
 DEBUG [2757cc49] Running [ -d ~/.rvm ] as deploy@18.217.125.30
 DEBUG [2757cc49] Command: [ -d ~/.rvm ]
 DEBUG [b6e325be] Running [ -d ~/.rvm ] as deploy@18.216.24.164
 DEBUG [b6e325be] Command: [ -d ~/.rvm ]
  INFO ---------------------------------------------------------------------------
  INFO START 2017-12-10 19:51:28 +0530 cap production ssh:doctor
  INFO ---------------------------------------------------------------------------
 DEBUG [d0247f84] Running [ -d ~/.rvm ] as deploy@18.217.125.30
 DEBUG [0acd679b] Running [ -d ~/.rvm ] as deploy@18.216.24.164
 DEBUG [d0247f84] Command: [ -d ~/.rvm ]
 DEBUG [0acd679b] Command: [ -d ~/.rvm ]
  INFO ---------------------------------------------------------------------------
  INFO START 2017-12-10 20:13:52 +0530 cap production ssh:doctor
  INFO ---------------------------------------------------------------------------
 DEBUG [e0233c5f] Running [ -d ~/.rvm ] as deploy@18.217.125.30
 DEBUG [5508f1ed] Running [ -d ~/.rvm ] as deploy@18.216.24.164
 DEBUG [5508f1ed] Command: [ -d ~/.rvm ]
 DEBUG [e0233c5f] Command: [ -d ~/.rvm ]
  INFO ---------------------------------------------------------------------------
  INFO START 2017-12-10 20:41:12 +0530 cap production ssh:doctor
  INFO ---------------------------------------------------------------------------
 DEBUG [3c91332d] Running ~/.rvm/bin/rvm version as deploy@18.217.125.30
 DEBUG [3c91332d] Command: ~/.rvm/bin/rvm version
  INFO ---------------------------------------------------------------------------
  INFO START 2017-12-10 21:49:39 +0530 cap production ssh:doctor
  INFO ---------------------------------------------------------------------------
 DEBUG [727a928f] Running ~/.rvm/bin/rvm version as deploy@18.217.125.30
 DEBUG [727a928f] Command: ~/.rvm/bin/rvm version
  INFO ---------------------------------------------------------------------------
  INFO START 2017-12-10 21:52:49 +0530 cap production ssh:doctor
  INFO ---------------------------------------------------------------------------
 DEBUG [f35ef957] Running ~/.rvm/bin/rvm version as deploy@18.217.125.30
 DEBUG [be89a093] Running ~/.rvm/bin/rvm version as deploy@18.216.24.164
 DEBUG [f35ef957] Command: ~/.rvm/bin/rvm version
 DEBUG [be89a093] Command: ~/.rvm/bin/rvm version
  INFO ---------------------------------------------------------------------------
  INFO START 2017-12-10 22:02:47 +0530 cap production ssh:doctor
  INFO ---------------------------------------------------------------------------
 DEBUG [5d25defa] Running ~/.rvm/bin/rvm version as deploy@18.216.24.164
 DEBUG [5d25defa] Command: ~/.rvm/bin/rvm version
  INFO ---------------------------------------------------------------------------
  INFO START 2017-12-10 22:06:47 +0530 cap production ssh:doctor
  INFO ---------------------------------------------------------------------------
 DEBUG [5ff3a390] Running ~/.rvm/bin/rvm version as deploy@18.216.24.164
 DEBUG [5ff3a390] Command: ~/.rvm/bin/rvm version
  INFO ---------------------------------------------------------------------------
  INFO START 2017-12-10 22:14:23 +0530 cap production ssh:doctor
  INFO ---------------------------------------------------------------------------
 DEBUG [5517a46f] Running ~/.rvm/bin/rvm version as deploy@18.216.24.164
 DEBUG [5517a46f] Command: ~/.rvm/bin/rvm version
 DEBUG [5517a46f] 	rvm 1.29.3 (latest) by Michal Papis, Piotr Kuczynski, Wayne E. Seguin [https://rvm.io]
 DEBUG [5517a46f] 	
 DEBUG [5517a46f] Finished in 4.306 seconds with exit status 0 (successful).
 DEBUG [14ae9b93] Running ~/.rvm/bin/rvm current as deploy@18.216.24.164
 DEBUG [14ae9b93] Command: ~/.rvm/bin/rvm current
 DEBUG [14ae9b93] 	ruby-2.3.3
 DEBUG [14ae9b93] 	
 DEBUG [14ae9b93] Finished in 2.724 seconds with exit status 0 (successful).
 DEBUG [95b3565e] Running ~/.rvm/bin/rvm ruby-2.3.3 do ruby --version as deploy@18.216.24.164
 DEBUG [95b3565e] Command: ~/.rvm/bin/rvm ruby-2.3.3 do ruby --version
 DEBUG [95b3565e] 	ruby 2.3.3p222 (2016-11-21 revision 56859) [x86_64-linux]
 DEBUG [95b3565e] 	
 DEBUG [95b3565e] Finished in 0.994 seconds with exit status 0 (successful).
  INFO ---------------------------------------------------------------------------
  INFO START 2017-12-10 22:18:53 +0530 cap production ssh:doctor
  INFO ---------------------------------------------------------------------------
 DEBUG [69d08b58] Running ~/.rvm/bin/rvm version as deploy@18.216.24.164
 DEBUG [69d08b58] Command: ~/.rvm/bin/rvm version
 DEBUG [69d08b58] 	rvm 1.29.3 (latest) by Michal Papis, Piotr Kuczynski, Wayne E. Seguin [https://rvm.io]
 DEBUG [69d08b58] 	
 DEBUG [69d08b58] Finished in 3.536 seconds with exit status 0 (successful).
 DEBUG [186be944] Running ~/.rvm/bin/rvm current as deploy@18.216.24.164
 DEBUG [186be944] Command: ~/.rvm/bin/rvm current
 DEBUG [186be944] 	ruby-2.3.3
 DEBUG [186be944] 	
 DEBUG [186be944] Finished in 0.920 seconds with exit status 0 (successful).
 DEBUG [86f24adc] Running ~/.rvm/bin/rvm ruby-2.3.3 do ruby --version as deploy@18.216.24.164
 DEBUG [86f24adc] Command: ~/.rvm/bin/rvm ruby-2.3.3 do ruby --version
 DEBUG [86f24adc] 	ruby 2.3.3p222 (2016-11-21 revision 56859) [x86_64-linux]
 DEBUG [86f24adc] 	
 DEBUG [86f24adc] Finished in 0.994 seconds with exit status 0 (successful).
 DEBUG [91947c82] Running /usr/bin/env echo $SSH_AUTH_SOCK as deploy@18.216.24.164
 DEBUG [91947c82] Command: /usr/bin/env echo $SSH_AUTH_SOCK
 DEBUG [91947c82] 	/tmp/ssh-cWajxpa9wQ/agent.7428
 DEBUG [91947c82] 	
 DEBUG [91947c82] Finished in 0.471 seconds with exit status 0 (successful).
  INFO [67d07a05] Running /usr/bin/env mkdir -p /tmp as deploy@18.216.24.164
 DEBUG [67d07a05] Command: /usr/bin/env mkdir -p /tmp
  INFO [67d07a05] Finished in 1.483 seconds with exit status 0 (successful).
 DEBUG Uploading /tmp/git-ssh-malvani_khulgya-production-nileshaju.sh 0.0%
  INFO Uploading /tmp/git-ssh-malvani_khulgya-production-nileshaju.sh 100.0%
  INFO [93987883] Running /usr/bin/env chmod 700 /tmp/git-ssh-malvani_khulgya-production-nileshaju.sh as deploy@18.216.24.164
 DEBUG [93987883] Command: /usr/bin/env chmod 700 /tmp/git-ssh-malvani_khulgya-production-nileshaju.sh
  INFO [93987883] Finished in 0.817 seconds with exit status 0 (successful).
  INFO [d793d09b] Running /usr/bin/env git ls-remote --heads https://github.com/NileshSAjwelkar/malvani_khulgya.git as deploy@18.216.24.164
 DEBUG [d793d09b] Command: ( export GIT_ASKPASS="/bin/echo" GIT_SSH="/tmp/git-ssh-malvani_khulgya-production-nileshaju.sh" ; /usr/bin/env git ls-remote --heads https://github.com/NileshSAjwelkar/malvani_khulgya.git )
 DEBUG [d793d09b] 	12fa95c4bb8640504a5a807ad563699ecac746c6
 DEBUG [d793d09b] 		refs/heads/master
  INFO [d793d09b] Finished in 2.669 seconds with exit status 0 (successful).
  INFO ---------------------------------------------------------------------------
  INFO START 2017-12-10 22:19:46 +0530 cap production deploy
  INFO ---------------------------------------------------------------------------
 DEBUG [23daedb7] Running ~/.rvm/bin/rvm version as deploy@18.216.24.164
 DEBUG [23daedb7] Command: ~/.rvm/bin/rvm version
 DEBUG [23daedb7] 	rvm 1.29.3 (latest) by Michal Papis, Piotr Kuczynski, Wayne E. Seguin [https://rvm.io]
 DEBUG [23daedb7] 	
 DEBUG [23daedb7] Finished in 5.637 seconds with exit status 0 (successful).
 DEBUG [3c98bb6c] Running ~/.rvm/bin/rvm current as deploy@18.216.24.164
 DEBUG [3c98bb6c] Command: ~/.rvm/bin/rvm current
 DEBUG [3c98bb6c] 	ruby-2.3.3
 DEBUG [3c98bb6c] 	
 DEBUG [3c98bb6c] Finished in 1.051 seconds with exit status 0 (successful).
 DEBUG [0b12790a] Running ~/.rvm/bin/rvm ruby-2.3.3 do ruby --version as deploy@18.216.24.164
 DEBUG [0b12790a] Command: ~/.rvm/bin/rvm ruby-2.3.3 do ruby --version
 DEBUG [0b12790a] 	ruby 2.3.3p222 (2016-11-21 revision 56859) [x86_64-linux]
 DEBUG [0b12790a] 	
 DEBUG [0b12790a] Finished in 1.380 seconds with exit status 0 (successful).
  INFO [ebfff29d] Running /usr/bin/env mkdir -p /tmp as deploy@18.216.24.164
 DEBUG [ebfff29d] Command: /usr/bin/env mkdir -p /tmp
  INFO [ebfff29d] Finished in 0.743 seconds with exit status 0 (successful).
 DEBUG Uploading /tmp/git-ssh-malvani_khulgya-production-nileshaju.sh 0.0%
  INFO Uploading /tmp/git-ssh-malvani_khulgya-production-nileshaju.sh 100.0%
  INFO [002af1c5] Running /usr/bin/env chmod 700 /tmp/git-ssh-malvani_khulgya-production-nileshaju.sh as deploy@18.216.24.164
 DEBUG [002af1c5] Command: /usr/bin/env chmod 700 /tmp/git-ssh-malvani_khulgya-production-nileshaju.sh
  INFO [002af1c5] Finished in 0.744 seconds with exit status 0 (successful).
  INFO [0721cdef] Running /usr/bin/env git ls-remote --heads https://github.com/NileshSAjwelkar/malvani_khulgya.git as deploy@18.216.24.164
 DEBUG [0721cdef] Command: ( export GIT_ASKPASS="/bin/echo" GIT_SSH="/tmp/git-ssh-malvani_khulgya-production-nileshaju.sh" ; /usr/bin/env git ls-remote --heads https://github.com/NileshSAjwelkar/malvani_khulgya.git )
 DEBUG [0721cdef] 	12fa95c4bb8640504a5a807ad563699ecac746c6
 DEBUG [0721cdef] 		refs/heads/master
  INFO [0721cdef] Finished in 1.113 seconds with exit status 0 (successful).
  INFO [b60ff651] Running /usr/bin/env mkdir -p /home/deploy/malvani_khulgya/shared /home/deploy/malvani_khulgya/releases as deploy@18.216.24.164
 DEBUG [b60ff651] Command: /usr/bin/env mkdir -p /home/deploy/malvani_khulgya/shared /home/deploy/malvani_khulgya/releases
  INFO [b60ff651] Finished in 0.798 seconds with exit status 0 (successful).
  INFO [a49773ea] Running /usr/bin/env mkdir -p /home/deploy/malvani_khulgya/shared/public/assets as deploy@18.216.24.164
 DEBUG [a49773ea] Command: /usr/bin/env mkdir -p /home/deploy/malvani_khulgya/shared/public/assets
  INFO [a49773ea] Finished in 0.740 seconds with exit status 0 (successful).
 DEBUG [27fe34b3] Running [ -f /home/deploy/malvani_khulgya/current/REVISION ] as deploy@18.216.24.164
 DEBUG [27fe34b3] Command: [ -f /home/deploy/malvani_khulgya/current/REVISION ]
 DEBUG [27fe34b3] Finished in 1.603 seconds with exit status 1 (failed).
 DEBUG [bfb9521c] Running [ -f /home/deploy/malvani_khulgya/repo/HEAD ] as deploy@18.216.24.164
 DEBUG [bfb9521c] Command: [ -f /home/deploy/malvani_khulgya/repo/HEAD ]
 DEBUG [bfb9521c] Finished in 0.738 seconds with exit status 1 (failed).
 DEBUG [8b81312e] Running if test ! -d /home/deploy/malvani_khulgya; then echo "Directory does not exist '/home/deploy/malvani_khulgya'" 1>&2; false; fi as deploy@18.216.24.164
 DEBUG [8b81312e] Command: if test ! -d /home/deploy/malvani_khulgya; then echo "Directory does not exist '/home/deploy/malvani_khulgya'" 1>&2; false; fi
 DEBUG [8b81312e] Finished in 0.747 seconds with exit status 0 (successful).
  INFO [5192cdcd] Running /usr/bin/env git clone --mirror https://github.com/NileshSAjwelkar/malvani_khulgya.git /home/deploy/malvani_khulgya/repo as deploy@18.216.24.164
 DEBUG [5192cdcd] Command: cd /home/deploy/malvani_khulgya && ( export GIT_ASKPASS="/bin/echo" GIT_SSH="/tmp/git-ssh-malvani_khulgya-production-nileshaju.sh" ; /usr/bin/env git clone --mirror https://github.com/NileshSAjwelkar/malvani_khulgya.git /home/deploy/malvani_khulgya/repo )
 DEBUG [5192cdcd] 	Cloning into bare repository '/home/deploy/malvani_khulgya/repo'...
 DEBUG [5192cdcd] 	
 DEBUG [5192cdcd] 	remote: Counting objects: 451, done.[K
 DEBUG [5192cdcd] 	
 DEBUG [5192cdcd] 	remote: Compressing objects:   0% (1/226)   [K
 DEBUG [5192cdcd] 	remote: Compressing objects:   1% (3/226)   [K
 DEBUG [5192cdcd] 	remote: Compressing objects:   2% (5/226)   [K
 DEBUG [5192cdcd] 	remote: Compressing objec
 DEBUG [5192cdcd] 	ts:   3% (7/226)   [K
 DEBUG [5192cdcd] 	remote: Compressing objects:   4% (10/226)   [K
 DEBUG [5192cdcd] 	remote: Compressing objects:   5% (12/226)   [K
 DEBUG [5192cdcd] 	remote: Compressing objects:   6% (14/22
 DEBUG [5192cdcd] 	6)   [K
 DEBUG [5192cdcd] 	remote: Compressing objects:   7% (16/226)   [K
 DEBUG [5192cdcd] 	remote: Compressing objects:   8% (19/226)   [K
 DEBUG [5192cdcd] 	remote: Compressing objects:   9% (21/226)   [K
 DEBUG [5192cdcd] 	remote: Compress
 DEBUG [5192cdcd] 	ing objects:  10% (23/226)   [K
 DEBUG [5192cdcd] 	remote: Compressing objects:  11% (25/226)   [K
 DEBUG [5192cdcd] 	remote: Compressing objects:  12% (28/226)   [K
 DEBUG [5192cdcd] 	remote: Compressing objects:  
 DEBUG [5192cdcd] 	13% (30/226)   [K
 DEBUG [5192cdcd] 	remote: Compressing objects:  14% (32/226)   [K
 DEBUG [5192cdcd] 	remote: Compressing objects:  15% (34/226)   [K
 DEBUG [5192cdcd] 	remote: Compressing objects:  16% (37/226)  
 DEBUG [5192cdcd] 	 [K
 DEBUG [5192cdcd] 	remote: Compressing objects:  17% (39/226)   [K
 DEBUG [5192cdcd] 	remote: Compressing objects:  18% (41/226)   [K
 DEBUG [5192cdcd] 	remote: Compressing objects:  19% (43/226)   [K
 DEBUG [5192cdcd] 	remote: Compressing 
 DEBUG [5192cdcd] 	objects:  20% (46/226)   [K
 DEBUG [5192cdcd] 	remote: Compressing objects:  21% (48/226)   [K
 DEBUG [5192cdcd] 	remote: Compressing objects:  22% (50/226)   [K
 DEBUG [5192cdcd] 	remote: Compressing objects:  23% 
 DEBUG [5192cdcd] 	(52/226)   [K
 DEBUG [5192cdcd] 	remote: Compressing objects:  24% (55/226)   [K
 DEBUG [5192cdcd] 	remote: Compressing objects:  25% (57/226)   [K
 DEBUG [5192cdcd] 	remote: Compressing objects:  26% (59/226)   [K
 DEBUG [5192cdcd] 	remote: Co
 DEBUG [5192cdcd] 	mpressing objects:  27% (62/226)   [K
 DEBUG [5192cdcd] 	remote: Compressing objects:  28% (64/226)   [K
 DEBUG [5192cdcd] 	remote: Compressing objects:  29% (66/226)   [K
 DEBUG [5192cdcd] 	remote: Compressing obje
 DEBUG [5192cdcd] 	cts:  30% (68/226)   [K
 DEBUG [5192cdcd] 	remote: Compressing objects:  31% (71/226)   [K
 DEBUG [5192cdcd] 	remote: Compressing objects:  32% (73/226)   [K
 DEBUG [5192cdcd] 	remote: Compressing objects:  33% (75/
 DEBUG [5192cdcd] 	226)   [K
 DEBUG [5192cdcd] 	remote: Compressing objects:  34% (77/226)   [K
 DEBUG [5192cdcd] 	remote: Compressing objects:  35% (80/226)   [K
 DEBUG [5192cdcd] 	remote: Compressing objects:  36% (82/226)   [K
 DEBUG [5192cdcd] 	remote: Compre
 DEBUG [5192cdcd] 	ssing objects:  37% (84/226)   [K
 DEBUG [5192cdcd] 	remote: Compressing objects:  38% (86/226)   [K
 DEBUG [5192cdcd] 	remote: Compressing objects:  39% (89/226)   [K
 DEBUG [5192cdcd] 	remote: Compressing objects:
 DEBUG [5192cdcd] 	  40% (91/226)   [K
 DEBUG [5192cdcd] 	remote: Compressing objects:  41% (93/226)   [K
 DEBUG [5192cdcd] 	remote: Compressing objects:  42% (95/226)   [K
 DEBUG [5192cdcd] 	remote: Compressing objects:  43% (98/226)
 DEBUG [5192cdcd] 	   [K
 DEBUG [5192cdcd] 	remote: Compressing objects:  44% (100/226)   [K
 DEBUG [5192cdcd] 	remote: Compressing objects:  45% (102/226)   [K
 DEBUG [5192cdcd] 	remote: Compressing objects:  46% (104/226)   [K
 DEBUG [5192cdcd] 	remote: Compressing objects:  47% (107/226)   [K
 DEBUG [5192cdcd] 	remote: Compressing objects:  48% (109/226)   [K
 DEBUG [5192cdcd] 	remote: Compressing objects:  49% (111/226)   [K
 DEBUG [5192cdcd] 	remote: Compressing objects:  50% (113/226)   [K
 DEBUG [5192cdcd] 	remote: Compressing objects:  51% (116/226)   [K
 DEBUG [5192cdcd] 	remote: Compressing objects:  52% (118/226)   [K
 DEBUG [5192cdcd] 	remote: Compressing objects:  53% (120/226)   [K
 DEBUG [5192cdcd] 	remote: Compressing objects:  54% (123/226)   [K
 DEBUG [5192cdcd] 	remote: Compressing objects:  55% (125/226)   [K
 DEBUG [5192cdcd] 	remote: Compressing objects:  56% (127/226)   [K
 DEBUG [5192cdcd] 	remote: Compressing objects:  57% (129/226)   [K
 DEBUG [5192cdcd] 	remote: Compressing objects:  58% (132/226)   [K
 DEBUG [5192cdcd] 	remote: Compressing objects:  59% (134/226)   [K
 DEBUG [5192cdcd] 	remote: Compressing objects:  60% (136/226)   [K
 DEBUG [5192cdcd] 	remote: Compressing objects:  61% (138/226)   [K
 DEBUG [5192cdcd] 	remote: Compressing objects:  62% (141/226)   [K
 DEBUG [5192cdcd] 	remote: Compressing objects:  63% (143/226)   [K
 DEBUG [5192cdcd] 	remote: Compressing objects:  64% (145/226)   [K
 DEBUG [5192cdcd] 	remote: Compressing objects:  65% (147/226)   [K
 DEBUG [5192cdcd] 	remote: Compressing objects:  66% (150/226)   [K
 DEBUG [5192cdcd] 	remote: Compressing objects:  67% (152/226)   [K
 DEBUG [5192cdcd] 	remote: Compressing objects:  68% (154/226)   [K
 DEBUG [5192cdcd] 	remote: Compressing objects:  69% (156/226)   [K
 DEBUG [5192cdcd] 	remote: Compressing objects:  70% (159/226)   [K
 DEBUG [5192cdcd] 	remote: Compressing objects:  71% (161/226)   [K
 DEBUG [5192cdcd] 	remote: Compressing objects:  72% (163/226)   [K
 DEBUG [5192cdcd] 	remote: Compressing objects:  73% (165/226)   [K
 DEBUG [5192cdcd] 	remote: Compressing objects:  74% (168/226)   [K
 DEBUG [5192cdcd] 	remote: Compressing objects:  75% (170/226)   [K
 DEBUG [5192cdcd] 	remote: Compressing objects:  76% (172/226)   [K
 DEBUG [5192cdcd] 	remote: Compressing objects:  77% (175/226)   [K
 DEBUG [5192cdcd] 	remote: Compressing objects:  78% (177/226)   [K
 DEBUG [5192cdcd] 	remote: Compressing objects:  79% (179/226)   [K
 DEBUG [5192cdcd] 	remote: Compressing objects:  80% (181/226)   [K
 DEBUG [5192cdcd] 	remote: Compressing objects:  81% (184/226)   [K
 DEBUG [5192cdcd] 	remote: Compressing objects:  82% (186/226)   [K
 DEBUG [5192cdcd] 	remote: Compressing objects:  83% (188/226)   [K
 DEBUG [5192cdcd] 	remote: Compressing objects:  84% (190/226)   [K
 DEBUG [5192cdcd] 	remote: Compressing objects:  85% (193/226)   [K
 DEBUG [5192cdcd] 	remote: Compressing objects:  86% (195/226)   [K
 DEBUG [5192cdcd] 	remote: Compressing objects:  87% (197/226)   [K
 DEBUG [5192cdcd] 	remote: Compressing objects:  88% (199/226)   [K
 DEBUG [5192cdcd] 	remote: Compressing objects:  89% (202/226)   [K
 DEBUG [5192cdcd] 	remote: Compressing objects:  90% (204/226)   [K
 DEBUG [5192cdcd] 	remote: Compressing objects:  91% (206/226)   [K
 DEBUG [5192cdcd] 	remote: Compressing objects:  92% (208/226)   [K
 DEBUG [5192cdcd] 	remote: Compressing objects:  93% (211/226)   [K
 DEBUG [5192cdcd] 	remote: Compressing objects:  94% (213/226)   [K
 DEBUG [5192cdcd] 	remote: Compressing objects:  95% (215/226)   [K
 DEBUG [5192cdcd] 	remote: Compressing objects:  96% (217/226)   [K
 DEBUG [5192cdcd] 	remote: Compressing objects:  97% (220/226)   [K
 DEBUG [5192cdcd] 	remote: Compressing objects:  98% (222/226)   [K
 DEBUG [5192cdcd] 	remote: Compressing objects:  99% (224/226)   [K
 DEBUG [5192cdcd] 	remote: Compressing objects: 100% (226/226)   [K
 DEBUG [5192cdcd] 	remote: Compressing objects: 100% (226/226), done.[K
 DEBUG [5192cdcd] 	
 DEBUG [5192cdcd] 	Receiving objects:   0% (1/451)   
 DEBUG [5192cdcd] 	Receiving objects:   1% (5/451)   
 DEBUG [5192cdcd] 	Receiving objects:   2% (10/451)   
 DEBUG [5192cdcd] 	Receiving objects:   3% (14/451)   
 DEBUG [5192cdcd] 	Receiving objects:   4% (19/451)   
 DEBUG [5192cdcd] 	Receiving objects:   5% (23/451)   
 DEBUG [5192cdcd] 	Receiving objects:   6% (28/451)   
 DEBUG [5192cdcd] 	Receiving objects:   7% (32/451)   
 DEBUG [5192cdcd] 	Receiving objects:   8% (37/451)   
 DEBUG [5192cdcd] 	Receiving objects:   9% (41/451)   
 DEBUG [5192cdcd] 	Receiving objects:  10% (46/451)   
 DEBUG [5192cdcd] 	Receiving objects:  11% (50/451)   
 DEBUG [5192cdcd] 	Receiving objects:  12% (55/451)   
 DEBUG [5192cdcd] 	Receiving objects:  13% (59/451)   
 DEBUG [5192cdcd] 	Receiving objects:  14% (64/451)   
 DEBUG [5192cdcd] 	Receiving objects:  15% (68/451)   
 DEBUG [5192cdcd] 	Receiving objects:  16% (73/451)   
 DEBUG [5192cdcd] 	Receiving objects:  17% (77/451)   
 DEBUG [5192cdcd] 	Receiving objects:  18% (82/451)   
 DEBUG [5192cdcd] 	Receiving objects:  19% (86/451)   
 DEBUG [5192cdcd] 	Receiving objects:  20% (91/451)   
 DEBUG [5192cdcd] 	Receiving objects:  21% (95/451)   
 DEBUG [5192cdcd] 	Receiving objects:  22% (100/451)   
 DEBUG [5192cdcd] 	Receiving objects:  23% (104/451)   
 DEBUG [5192cdcd] 	Receiving objects:  24% (109/451)   
 DEBUG [5192cdcd] 	Receiving objects:  25% (113/451)   
 DEBUG [5192cdcd] 	Receiving objects:  26% (118/451)   
 DEBUG [5192cdcd] 	Receiving objects:  27% (122/451)   
 DEBUG [5192cdcd] 	Receiving objects:  28% (127/451)   
 DEBUG [5192cdcd] 	Receiving objects:  29% (131/451)   
 DEBUG [5192cdcd] 	Receiving objects:  30% (136/451)   
 DEBUG [5192cdcd] 	Receiving objects:  31% (140/451)   
 DEBUG [5192cdcd] 	Receiving objects:  32% (145/451)   
 DEBUG [5192cdcd] 	Receiving objects:  33% (149/451)   
 DEBUG [5192cdcd] 	Receiving objects:  34% (154/451)   
 DEBUG [5192cdcd] 	Receiving objects:  35% (158/451)   
 DEBUG [5192cdcd] 	Receiving objects:  36% (163/451)   
 DEBUG [5192cdcd] 	Receiving objects:  37% (167/451)   
 DEBUG [5192cdcd] 	Receiving objects:  38% (172/451)   
 DEBUG [5192cdcd] 	Receiving objects:  39% (176/451)   
 DEBUG [5192cdcd] 	Receiving objects:  40% (181/451)   
 DEBUG [5192cdcd] 	Receiving objects:  41% (185/451)   
 DEBUG [5192cdcd] 	Receiving objects:  42% (190/451)   
 DEBUG [5192cdcd] 	Receiving objects:  43% (194/451)   
 DEBUG [5192cdcd] 	Receiving objects:  44% (199/451)   
 DEBUG [5192cdcd] 	Receiving objects:  45% (203/451)   
 DEBUG [5192cdcd] 	Receiving objects:  46% (208/451)   
 DEBUG [5192cdcd] 	Receiving objects:  47% (212/451)   
 DEBUG [5192cdcd] 	Receiving objects:  48% (217/451)   
 DEBUG [5192cdcd] 	Receiving objects:  49% (221/451)   
 DEBUG [5192cdcd] 	Receiving objects:  50% (226/451)   
 DEBUG [5192cdcd] 	Receiving objects:  51% (231/451)   
 DEBUG [5192cdcd] 	Receiving objects:  52% (235/451)   
 DEBUG [5192cdcd] 	Receiving objects:  53% (240/451)   
 DEBUG [5192cdcd] 	Receiving objects:  54% (244/451)   
 DEBUG [5192cdcd] 	Receiving objects:  55% (249/451)   
 DEBUG [5192cdcd] 	Receiving objects:  56% (253/451)   
 DEBUG [5192cdcd] 	Receiving objects:  57% (258/451)   
 DEBUG [5192cdcd] 	Receiving objects:  58% (262/451)   
 DEBUG [5192cdcd] 	Receiving objects:  59% (267/451)   
 DEBUG [5192cdcd] 	Receiving objects:  60% (271/451)   
 DEBUG [5192cdcd] 	Receiving objects:  61% (276/451)   
 DEBUG [5192cdcd] 	Receiving objects:  62% (280/451)   
 DEBUG [5192cdcd] 	Receiving objects:  63% (285/451)   
 DEBUG [5192cdcd] 	Receiving objects:  64% (289/451)   
 DEBUG [5192cdcd] 	Receiving objects:  65% (294/451)   
 DEBUG [5192cdcd] 	Receiving objects:  66% (298/451)   
 DEBUG [5192cdcd] 	Receiving objects:  67% (303/451)   
 DEBUG [5192cdcd] 	Receiving objects:  68% (307/451)   
 DEBUG [5192cdcd] 	Receiving objects:  69% (312/451)   
 DEBUG [5192cdcd] 	Receiving objects:  70% (316/451)   
 DEBUG [5192cdcd] 	Receiving objects:  71% (321/451)   
 DEBUG [5192cdcd] 	Receiving objects:  72% (325/451)   
 DEBUG [5192cdcd] 	Receiving objects:  73% (330/451)   
 DEBUG [5192cdcd] 	remote: Total 451 (delta 203), reused 451 (delta 203), pack-reused 0[K
 DEBUG [5192cdcd] 	
 DEBUG [5192cdcd] 	Receiving objects:  74% (334/451)   
 DEBUG [5192cdcd] 	Receiving objects:  75% (339/451)   
 DEBUG [5192cdcd] 	Receiving objects:  76% (343/451)   
 DEBUG [5192cdcd] 	Receiving objects:  77% (348/451)   
 DEBUG [5192cdcd] 	Receiving objects:  78% (352/451)   
 DEBUG [5192cdcd] 	Receiving objects:  79% (357/451)   
 DEBUG [5192cdcd] 	Receiving objects:  80% (361/451)   
 DEBUG [5192cdcd] 	Receiving objects:  81% (366/451)   
 DEBUG [5192cdcd] 	Receiving objects:  82% (370/451)   
 DEBUG [5192cdcd] 	Receiving objects:  83% (375/451)   
 DEBUG [5192cdcd] 	Receiving objects:  84% (379/451)   
 DEBUG [5192cdcd] 	Receiving objects:  85% (384/451)   
 DEBUG [5192cdcd] 	Receiving objects:  86% (388/451)   
 DEBUG [5192cdcd] 	Receiving objects:  87% (393/451)   
 DEBUG [5192cdcd] 	Receiving objects:  88% (397/451)   
 DEBUG [5192cdcd] 	Receiving objects:  89% (402/451)   
 DEBUG [5192cdcd] 	Receiving objects:  90% (406/451)   
 DEBUG [5192cdcd] 	Receiving objects:  91% (411/451)   
 DEBUG [5192cdcd] 	Receiving objects:  92% (415/451)   
 DEBUG [5192cdcd] 	Receiving objects:  93% (420/451)   
 DEBUG [5192cdcd] 	Receiving objects:  94% (424/451)   
 DEBUG [5192cdcd] 	Receiving objects:  95% (429/451)   
 DEBUG [5192cdcd] 	Receiving objects:  96% (433/451)   
 DEBUG [5192cdcd] 	Receiving objects:  97% (438/451)   
 DEBUG [5192cdcd] 	Receiving objects:  98% (442/451)   
 DEBUG [5192cdcd] 	Receiving objects:  99% (447/451)   
 DEBUG [5192cdcd] 	Receiving objects: 100% (451/451)   
 DEBUG [5192cdcd] 	Receiving objects: 100% (451/451), 1.81 MiB | 0 bytes/s, done.
 DEBUG [5192cdcd] 	
 DEBUG [5192cdcd] 	Resolving deltas:   0% (0/203)   
 DEBUG [5192cdcd] 	Resolving deltas:   8% (17/203)   
 DEBUG [5192cdcd] 	Resolving deltas:   9% (20/203)   
 DEBUG [5192cdcd] 	Resolving deltas:  10% (21/203)   
 DEBUG [5192cdcd] 	Resolving deltas:  13% (28/203)   
 DEBUG [5192cdcd] 	Resolving deltas:  15% (32/203)   
 DEBUG [5192cdcd] 	Resolving deltas:  16% (34/203)   
 DEBUG [5192cdcd] 	Resolving deltas:  17% (35/203)   
 DEBUG [5192cdcd] 	Resolving deltas:  18% (37/203)   
 DEBUG [5192cdcd] 	Resolving deltas:  19% (40/203)   
 DEBUG [5192cdcd] 	Resolving deltas:  20% (42/203)   
 DEBUG [5192cdcd] 	Resolving deltas:  25% (52/203)   
 DEBUG [5192cdcd] 	Resolving deltas:  27% (56/203)   
 DEBUG [5192cdcd] 	Resolving deltas:  29% (60/203)   
 DEBUG [5192cdcd] 	Resolving deltas:  30% (61/203)   
 DEBUG [5192cdcd] 	Resolving deltas:  31% (64/203)   
 DEBUG [5192cdcd] 	Resolving deltas:  32% (65/203)   
 DEBUG [5192cdcd] 	Resolving deltas:  33% (67/203)   
 DEBUG [5192cdcd] 	Resolving deltas:  34% (70/203)   
 DEBUG [5192cdcd] 	Resolving deltas:  36% (74/203)   
 DEBUG [5192cdcd] 	Resolving deltas:  37% (77/203)   
 DEBUG [5192cdcd] 	Resolving deltas:  38% (78/203)   
 DEBUG [5192cdcd] 	Resolving deltas:  39% (80/203)   
 DEBUG [5192cdcd] 	Resolving deltas:  40% (82/203)   
 DEBUG [5192cdcd] 	Resolving deltas:  41% (84/203)   
 DEBUG [5192cdcd] 	Resolving deltas:  42% (86/203)   
 DEBUG [5192cdcd] 	Resolving deltas:  43% (88/203)   
 DEBUG [5192cdcd] 	Resolving deltas:  44% (90/203)   
 DEBUG [5192cdcd] 	Resolving deltas:  45% (92/203)   
 DEBUG [5192cdcd] 	Resolving deltas:  46% (94/203)   
 DEBUG [5192cdcd] 	Resolving deltas:  47% (96/203)   
 DEBUG [5192cdcd] 	Resolving deltas:  48% (98/203)   
 DEBUG [5192cdcd] 	Resolving deltas:  49% (100/203)   
 DEBUG [5192cdcd] 	Resolving deltas:  50% (102/203)   
 DEBUG [5192cdcd] 	Resolving deltas:  51% (104/203)   
 DEBUG [5192cdcd] 	Resolving deltas:  52% (106/203)   
 DEBUG [5192cdcd] 	Resolving deltas:  53% (108/203)   
 DEBUG [5192cdcd] 	Resolving deltas:  54% (110/203)   
 DEBUG [5192cdcd] 	Resolving deltas:  55% (112/203)   
 DEBUG [5192cdcd] 	Resolving deltas:  56% (114/203)   
 DEBUG [5192cdcd] 	Resolving deltas:  57% (116/203)   
 DEBUG [5192cdcd] 	Resolving deltas:  58% (118/203)   
 DEBUG [5192cdcd] 	Resolving deltas:  59% (120/203)   
 DEBUG [5192cdcd] 	Resolving deltas:  60% (122/203)   
 DEBUG [5192cdcd] 	Resolving deltas:  61% (124/203)   
 DEBUG [5192cdcd] 	Resolving deltas:  62% (126/203)   
 DEBUG [5192cdcd] 	Resolving deltas:  71% (145/203)   
 DEBUG [5192cdcd] 	Resolving deltas:  74% (151/203)   
 DEBUG [5192cdcd] 	Resolving deltas:  75% (153/203)   
 DEBUG [5192cdcd] 	Resolving deltas:  76% (155/203)   
 DEBUG [5192cdcd] 	Resolving deltas:  85% (173/203)   
 DEBUG [5192cdcd] 	Resolving deltas:  86% (175/203)   
 DEBUG [5192cdcd] 	Resolving deltas:  87% (178/203)   
 DEBUG [5192cdcd] 	Resolving deltas:  88% (179/203)   
 DEBUG [5192cdcd] 	Resolving deltas:  89% (181/203)   
 DEBUG [5192cdcd] 	Resolving deltas: 100% (203/203)   
 DEBUG [5192cdcd] 	Resolving deltas: 100% (203/203), done.
 DEBUG [5192cdcd] 	
 DEBUG [5192cdcd] 	Checking connectivity... 
 DEBUG [5192cdcd] 	done.
 DEBUG [5192cdcd] 	
  INFO [5192cdcd] Finished in 3.014 seconds with exit status 0 (successful).
 DEBUG [f3282017] Running if test ! -d /home/deploy/malvani_khulgya/repo; then echo "Directory does not exist '/home/deploy/malvani_khulgya/repo'" 1>&2; false; fi as deploy@18.216.24.164
 DEBUG [f3282017] Command: if test ! -d /home/deploy/malvani_khulgya/repo; then echo "Directory does not exist '/home/deploy/malvani_khulgya/repo'" 1>&2; false; fi
 DEBUG [f3282017] Finished in 1.020 seconds with exit status 0 (successful).
  INFO [c52ff316] Running /usr/bin/env git remote update --prune as deploy@18.216.24.164
 DEBUG [c52ff316] Command: cd /home/deploy/malvani_khulgya/repo && ( export GIT_ASKPASS="/bin/echo" GIT_SSH="/tmp/git-ssh-malvani_khulgya-production-nileshaju.sh" ; /usr/bin/env git remote update --prune )
 DEBUG [c52ff316] 	Fetching origin
 DEBUG [c52ff316] 	
  INFO [c52ff316] Finished in 1.232 seconds with exit status 0 (successful).
 DEBUG [0fa197f3] Running if test ! -d /home/deploy/malvani_khulgya/repo; then echo "Directory does not exist '/home/deploy/malvani_khulgya/repo'" 1>&2; false; fi as deploy@18.216.24.164
 DEBUG [0fa197f3] Command: if test ! -d /home/deploy/malvani_khulgya/repo; then echo "Directory does not exist '/home/deploy/malvani_khulgya/repo'" 1>&2; false; fi
 DEBUG [0fa197f3] Finished in 1.946 seconds with exit status 0 (successful).
  INFO [4e40b11a] Running /usr/bin/env mkdir -p /home/deploy/malvani_khulgya/releases/20171210165003 as deploy@18.216.24.164
 DEBUG [4e40b11a] Command: cd /home/deploy/malvani_khulgya/repo && ( export GIT_ASKPASS="/bin/echo" GIT_SSH="/tmp/git-ssh-malvani_khulgya-production-nileshaju.sh" ; /usr/bin/env mkdir -p /home/deploy/malvani_khulgya/releases/20171210165003 )
  INFO [4e40b11a] Finished in 0.749 seconds with exit status 0 (successful).
  INFO [bb9b4a9e] Running /usr/bin/env git archive master | tar -x -f - -C /home/deploy/malvani_khulgya/releases/20171210165003 as deploy@18.216.24.164
 DEBUG [bb9b4a9e] Command: cd /home/deploy/malvani_khulgya/repo && ( export GIT_ASKPASS="/bin/echo" GIT_SSH="/tmp/git-ssh-malvani_khulgya-production-nileshaju.sh" ; /usr/bin/env git archive master | tar -x -f - -C /home/deploy/malvani_khulgya/releases/20171210165003 )
  INFO [bb9b4a9e] Finished in 0.854 seconds with exit status 0 (successful).
 DEBUG [86dd56e0] Running if test ! -d /home/deploy/malvani_khulgya/repo; then echo "Directory does not exist '/home/deploy/malvani_khulgya/repo'" 1>&2; false; fi as deploy@18.216.24.164
 DEBUG [86dd56e0] Command: if test ! -d /home/deploy/malvani_khulgya/repo; then echo "Directory does not exist '/home/deploy/malvani_khulgya/repo'" 1>&2; false; fi
 DEBUG [86dd56e0] Finished in 0.847 seconds with exit status 0 (successful).
 DEBUG [6ded3a33] Running /usr/bin/env git rev-list --max-count=1 master as deploy@18.216.24.164
 DEBUG [6ded3a33] Command: cd /home/deploy/malvani_khulgya/repo && ( export GIT_ASKPASS="/bin/echo" GIT_SSH="/tmp/git-ssh-malvani_khulgya-production-nileshaju.sh" ; /usr/bin/env git rev-list --max-count=1 master )
 DEBUG [6ded3a33] 	12fa95c4bb8640504a5a807ad563699ecac746c6
 DEBUG [6ded3a33] 	
 DEBUG [6ded3a33] Finished in 2.005 seconds with exit status 0 (successful).
 DEBUG [f27ca4b7] Running if test ! -d /home/deploy/malvani_khulgya/releases/20171210165003; then echo "Directory does not exist '/home/deploy/malvani_khulgya/releases/20171210165003'" 1>&2; false; fi as deploy@18.216.24.164
 DEBUG [f27ca4b7] Command: if test ! -d /home/deploy/malvani_khulgya/releases/20171210165003; then echo "Directory does not exist '/home/deploy/malvani_khulgya/releases/20171210165003'" 1>&2; false; fi
 DEBUG [f27ca4b7] Finished in 0.749 seconds with exit status 0 (successful).
  INFO [3fa38d18] Running /usr/bin/env echo "12fa95c4bb8640504a5a807ad563699ecac746c6" >> REVISION as deploy@18.216.24.164
 DEBUG [3fa38d18] Command: cd /home/deploy/malvani_khulgya/releases/20171210165003 && /usr/bin/env echo "12fa95c4bb8640504a5a807ad563699ecac746c6" >> REVISION
  INFO [3fa38d18] Finished in 0.745 seconds with exit status 0 (successful).
  INFO [227ea082] Running /usr/bin/env mkdir -p /home/deploy/malvani_khulgya/releases/20171210165003/public as deploy@18.216.24.164
 DEBUG [227ea082] Command: /usr/bin/env mkdir -p /home/deploy/malvani_khulgya/releases/20171210165003/public
  INFO [227ea082] Finished in 0.749 seconds with exit status 0 (successful).
 DEBUG [f1848b20] Running [ -L /home/deploy/malvani_khulgya/releases/20171210165003/public/assets ] as deploy@18.216.24.164
 DEBUG [f1848b20] Command: [ -L /home/deploy/malvani_khulgya/releases/20171210165003/public/assets ]
 DEBUG [f1848b20] Finished in 1.688 seconds with exit status 1 (failed).
 DEBUG [836d454a] Running [ -d /home/deploy/malvani_khulgya/releases/20171210165003/public/assets ] as deploy@18.216.24.164
 DEBUG [836d454a] Command: [ -d /home/deploy/malvani_khulgya/releases/20171210165003/public/assets ]
 DEBUG [836d454a] Finished in 1.592 seconds with exit status 1 (failed).
  INFO [dc8365a9] Running /usr/bin/env ln -s /home/deploy/malvani_khulgya/shared/public/assets /home/deploy/malvani_khulgya/releases/20171210165003/public/assets as deploy@18.216.24.164
 DEBUG [dc8365a9] Command: /usr/bin/env ln -s /home/deploy/malvani_khulgya/shared/public/assets /home/deploy/malvani_khulgya/releases/20171210165003/public/assets
  INFO [dc8365a9] Finished in 1.047 seconds with exit status 0 (successful).
 DEBUG [21568736] Running if test ! -d /home/deploy/malvani_khulgya/releases/20171210165003; then echo "Directory does not exist '/home/deploy/malvani_khulgya/releases/20171210165003'" 1>&2; false; fi as deploy@18.216.24.164
 DEBUG [21568736] Command: if test ! -d /home/deploy/malvani_khulgya/releases/20171210165003; then echo "Directory does not exist '/home/deploy/malvani_khulgya/releases/20171210165003'" 1>&2; false; fi
 DEBUG [21568736] Finished in 0.747 seconds with exit status 0 (successful).
 DEBUG [e4d88d07] Running ~/.rvm/bin/rvm ruby-2.3.3 do bundle check --path /home/deploy/malvani_khulgya/shared/bundle as deploy@18.216.24.164
 DEBUG [e4d88d07] Command: cd /home/deploy/malvani_khulgya/releases/20171210165003 && ~/.rvm/bin/rvm ruby-2.3.3 do bundle check --path /home/deploy/malvani_khulgya/shared/bundle
 DEBUG [e4d88d07] 	[33mThe git source `git://github.com/ryanto/acts_as_votable.git` uses the `git` protocol, which transmits data without encryption. Disable this warning with `bundle config git.allow_insecure true`, or switch to the `https` protocol to keep your data secure.[0m
 DEBUG [e4d88d07] 	
 DEBUG [e4d88d07] 	[31mgit://github.com/ryanto/acts_as_votable.git (at master@b471419) is not yet
 DEBUG [e4d88d07] 	
 DEBUG [e4d88d07] 	checked out. Run `bundle install` first.[0m
 DEBUG [e4d88d07] 	
 DEBUG [e4d88d07] Finished in 1.469 seconds with exit status 11 (failed).
  INFO [22c16c26] Running ~/.rvm/bin/rvm ruby-2.3.3 do bundle install --path /home/deploy/malvani_khulgya/shared/bundle --without development test --deployment --quiet as deploy@18.216.24.164
 DEBUG [22c16c26] Command: cd /home/deploy/malvani_khulgya/releases/20171210165003 && ~/.rvm/bin/rvm ruby-2.3.3 do bundle install --path /home/deploy/malvani_khulgya/shared/bundle --without development test --deployment --quiet
  INFO [22c16c26] Finished in 25.170 seconds with exit status 0 (successful).
 DEBUG [3623b0b5] Running if test ! -d /home/deploy/malvani_khulgya/releases/20171210165003; then echo "Directory does not exist '/home/deploy/malvani_khulgya/releases/20171210165003'" 1>&2; false; fi as deploy@18.216.24.164
 DEBUG [3623b0b5] Command: if test ! -d /home/deploy/malvani_khulgya/releases/20171210165003; then echo "Directory does not exist '/home/deploy/malvani_khulgya/releases/20171210165003'" 1>&2; false; fi
 DEBUG [3623b0b5] Finished in 1.041 seconds with exit status 0 (successful).
  INFO [0260837a] Running ~/.rvm/bin/rvm ruby-2.3.3 do bundle exec rake assets:precompile as deploy@18.216.24.164
 DEBUG [0260837a] Command: cd /home/deploy/malvani_khulgya/releases/20171210165003 && ( export RAILS_ENV="production" RAILS_GROUPS="" ; ~/.rvm/bin/rvm ruby-2.3.3 do bundle exec rake assets:precompile )
 DEBUG [0260837a] 	rake aborted!
 DEBUG [0260837a] 	
 DEBUG [0260837a] 	Bundler::GemRequireError: There was an error while trying to load the gem 'uglifier'.
 DEBUG [0260837a] 	
 DEBUG [0260837a] 	Gem Load Error is: Could not find a JavaScript runtime. See https://github.com/rails/execjs for a list of available runtimes.
 DEBUG [0260837a] 	
 DEBUG [0260837a] 	Backtrace for gem load error is:
 DEBUG [0260837a] 	
 DEBUG [0260837a] 	/home/deploy/malvani_khulgya/shared/bundle/ruby/2.3.0/gems/execjs-2.7.0/lib/execjs/runtimes.rb:58:in `autodetect'
 DEBUG [0260837a] 	
 DEBUG [0260837a] 	/home/deploy/malvani_khulgya/shared/bundle/ruby/2.3.0/gems/execjs-2.7.0/lib/execjs.rb:5:in `<module:ExecJS>'
 DEBUG [0260837a] 	
 DEBUG [0260837a] 	/home/deploy/malvani_khulgya/shared/bundle/ruby/2.3.0/gems/execjs-2.7.0/lib/execjs.rb:4:in `<top (required)>'
 DEBUG [0260837a] 	
 DEBUG [0260837a] 	/home/deploy/malvani_khulgya/shared/bundle/ruby/2.3.0/gems/uglifier-3.2.0/lib/uglifier.rb:5:in `require'
 DEBUG [0260837a] 	
 DEBUG [0260837a] 	/home/deploy/malvani_khulgya/shared/bundle/ruby/2.3.0/gems/uglifier-3.2.0/lib/uglifier.rb:5:in `<top (required)>'
 DEBUG [0260837a] 	
 DEBUG [0260837a] 	/home/deploy/.rvm/gems/ruby-2.3.3/gems/bundler-1.16.0/lib/bundler/runtime.rb:81:in `require'
 DEBUG [0260837a] 	
 DEBUG [0260837a] 	/home/deploy/.rvm/gems/ruby-2.3.3/gems/bundler-1.16.0/lib/bundler/runtime.rb:81:in `block (2 levels) in require'
 DEBUG [0260837a] 	
 DEBUG [0260837a] 	/home/deploy/.rvm/gems/ruby-2.3.3/gems/bundler-1.16.0/lib/bundler/runtime.rb:76:in `each'
 DEBUG [0260837a] 	
 DEBUG [0260837a] 	/home/deploy/.rvm/gems/ruby-2.3.3/gems/bundler-1.16.0/lib/bundler/runtime.rb:76:in `block in require'
 DEBUG [0260837a] 	
 DEBUG [0260837a] 	/home/deploy/.rvm/gems/ruby-2.3.3/gems/bundler-1.16.0/lib/bundler/runtime.rb:65:in `each'
 DEBUG [0260837a] 	
 DEBUG [0260837a] 	/home/deploy/.rvm/gems/ruby-2.3.3/gems/bundler-1.16.0/lib/bundler/runtime.rb:65:in `require'
 DEBUG [0260837a] 	
 DEBUG [0260837a] 	/home/deploy/.rvm/gems/ruby-2.3.3/gems/bundler-1.16.0/lib/bundler.rb:114:in `require'
 DEBUG [0260837a] 	
 DEBUG [0260837a] 	/home/deploy/malvani_khulgya/releases/20171210165003/config/application.rb:7:in `<top (required)>'
 DEBUG [0260837a] 	
 DEBUG [0260837a] 	/home/deploy/malvani_khulgya/releases/20171210165003/Rakefile:4:in `require'
 DEBUG [0260837a] 	
 DEBUG [0260837a] 	/home/deploy/malvani_khulgya/releases/20171210165003/Rakefile:4:in `<top (required)>'
 DEBUG [0260837a] 	
 DEBUG [0260837a] 	/home/deploy/malvani_khulgya/shared/bundle/ruby/2.3.0/gems/rake-12.3.0/lib/rake/rake_module.rb:29:in `load'
 DEBUG [0260837a] 	
 DEBUG [0260837a] 	/home/deploy/malvani_khulgya/shared/bundle/ruby/2.3.0/gems/rake-12.3.0/lib/rake/rake_module.rb:29:in `load_rakefile'
 DEBUG [0260837a] 	
 DEBUG [0260837a] 	/home/deploy/malvani_khulgya/shared/bundle/ruby/2.3.0/gems/rake-12.3.0/lib/rake/application.rb:70
 DEBUG [0260837a] 	3:in `raw_load_rakefile'
 DEBUG [0260837a] 	
 DEBUG [0260837a] 	/home/deploy/malvani_khulgya/shared/bundle/ruby/2.3.0/gems/rake-12.3.0/lib/rake/application.rb:104:in `block in load_rakefile'
 DEBUG [0260837a] 	
 DEBUG [0260837a] 	/home/deploy/malvani_khulgya/shared/bundle/ruby/2.3.0/gems/rake-12.3.0/lib/rake/application.rb:186:in `standard_exception_handling'
 DEBUG [0260837a] 	
 DEBUG [0260837a] 	/home/deploy/malvani_khulgya/shared/bundle/ruby/2.3.0/gems/rake-12.3.0/lib/rake/application.rb:103:in `load_rakefile'
 DEBUG [0260837a] 	
 DEBUG [0260837a] 	/home/deploy/malvani_khulgya/shared/bundle/ruby/2.3.0/gems/rake-12.3.0/lib/rake/application.rb:82:in `block in run'
 DEBUG [0260837a] 	
 DEBUG [0260837a] 	/home/deploy/malvani_khulgya/shared/bundle/ruby/2.3.0/gems/rake-12.3.0/lib/rake/application.rb:186:in `standard_exception_handling'
 DEBUG [0260837a] 	
 DEBUG [0260837a] 	/home/deploy/malvani_khulgya/shared/bundle/ruby/2.3.0/gems/rake-12.3.0/lib/rake/application.rb:80:in `run'
 DEBUG [0260837a] 	
 DEBUG [0260837a] 	/home/deploy/malvani_khulgya/shared/bundle/ruby/2.3.0/gems/rake-12.3.0/exe/rake:27:in `<top (required)>'
 DEBUG [0260837a] 	
 DEBUG [0260837a] 	/home/deploy/malvani_khulgya/shared/bundle/ruby/2.3.0/bin/rake:22:in `load'
 DEBUG [0260837a] 	
 DEBUG [0260837a] 	/home/deploy/malvani_khulgya/shared/bundle/ruby/2.3.0/bin/rake:22:in `<top (required)>'
 DEBUG [0260837a] 	
 DEBUG [0260837a] 	/home/deploy/.rvm/gems/ruby-2.3.3/gems/bundler-1.16.0/lib/bundler/cli/exec.rb:75:in `load'
 DEBUG [0260837a] 	
 DEBUG [0260837a] 	/home/deploy/.rvm/gems/ruby-2.3.3/gems/bundler-1.16.0/lib/bundler/cli/exec.rb:75:in `kernel_load'
 DEBUG [0260837a] 	
 DEBUG [0260837a] 	/home/deploy/.rvm/gems/ruby-2.3.3/gems/bundler-1.16.0/lib/bundler/cli/exec.rb:28:in `run'
 DEBUG [0260837a] 	
 DEBUG [0260837a] 	/home/deploy/.rvm/gems/ruby-2.3.3/gems/bundler-1.16.0/lib/bundler/cli.rb:424:in `exec'
 DEBUG [0260837a] 	
 DEBUG [0260837a] 	/home/deploy/.rvm/gems/ruby-2.3.3/gems/bundler-1.16.0/lib/bundler/vendor/thor/lib/thor/command.rb:27:in `run'
 DEBUG [0260837a] 	
 DEBUG [0260837a] 	/home/deploy/.rvm/gems/ruby-2.3.3/gems/bundler-1.16.0/lib/bundler/vendor/thor/lib/thor/invocation.rb:126:in `invoke_command'
 DEBUG [0260837a] 	
 DEBUG [0260837a] 	/home/deploy/.rvm/gems/ruby-2.3.3/gems/bundler-1.16.0/lib/bundler/vendor/thor/lib/thor.rb:387:in `dispatch'
 DEBUG [0260837a] 	
 DEBUG [0260837a] 	/home/deploy/.rvm/gems/ruby-2.3.3/gems/bundler-1.16.0/lib/bundler/cli.rb:27:in `dispatch'
 DEBUG [0260837a] 	
 DEBUG [0260837a] 	/home/deploy/.rvm/gems/ruby-2.3.3/gems/bundler-1.16.0/lib/bundler/vendor/thor/lib/thor/base.rb:466:in `start'
 DEBUG [0260837a] 	
 DEBUG [0260837a] 	/home/deploy/.rvm/gems/ruby-2.3.3/gems/bundler-1.16.0/lib/bundler/cli.rb:18:in `start'
 DEBUG [0260837a] 	
 DEBUG [0260837a] 	/home/deploy/.rvm/gems/rub
 DEBUG [0260837a] 	y-2.3.3/gems/bundler-1.16.0/exe/bundle:30:in `block in <top (required)>'
 DEBUG [0260837a] 	
 DEBUG [0260837a] 	/home/deploy/.rvm/gems/ruby-2.3.3/gems/bundler-1.16.0/lib/bundler/friendly_errors.rb:122:in `with_friendly_errors'
 DEBUG [0260837a] 	
 DEBUG [0260837a] 	/home/deploy/.rvm/gems/ruby-2.3.3/gems/bundler-1.16.0/exe/bundle:22:in `<top (required)>'
 DEBUG [0260837a] 	
 DEBUG [0260837a] 	/home/deploy/.rvm/gems/ruby-2.3.3/bin/bundle:22:in `load'
 DEBUG [0260837a] 	
 DEBUG [0260837a] 	/home/deploy/.rvm/gems/ruby-2.3.3/bin/bundle:22:in `<main>'
 DEBUG [0260837a] 	
 DEBUG [0260837a] 	/home/deploy/.rvm/gems/ruby-2.3.3/bin/ruby_executable_hooks:15:in `eval'
 DEBUG [0260837a] 	
 DEBUG [0260837a] 	/home/deploy/.rvm/gems/ruby-2.3.3/bin/ruby_executable_hooks:15:in `<main>'
 DEBUG [0260837a] 	
 DEBUG [0260837a] 	Bundler Error Backtrace:
 DEBUG [0260837a] 	
 DEBUG [0260837a] 	/home/deploy/.rvm/gems/ruby-2.3.3/gems/bundler-1.16.0/lib/bundler/runtime.rb:84:in `rescue in block (2 levels) in require'
 DEBUG [0260837a] 	
 DEBUG [0260837a] 	/home/deploy/.rvm/gems/ruby-2.3.3/gems/bundler-1.16.0/lib/bundler/runtime.rb:80:in `block (2 levels) in require'
 DEBUG [0260837a] 	
 DEBUG [0260837a] 	/home/deploy/.rvm/gems/ruby-2.3.3/gems/bundler-1.16.0/lib/bundler/runtime.rb:76:in `each'
 DEBUG [0260837a] 	
 DEBUG [0260837a] 	/home/deploy/.rvm/gems/ruby-2.3.3/gems/bundler-1.16.0/lib/bundler/runtime.rb:76:in `block in require'
 DEBUG [0260837a] 	
 DEBUG [0260837a] 	/home/deploy/.rvm/gems/ruby-2.3.3/gems/bundler-1.16.0/lib/bundler/runtime.rb:65:in `each'
 DEBUG [0260837a] 	
 DEBUG [0260837a] 	/home/deploy/.rvm/gems/ruby-2.3.3/gems/bundler-1.16.0/lib/bundler/runtime.rb:65:in `require'
 DEBUG [0260837a] 	
 DEBUG [0260837a] 	/home/deploy/.rvm/gems/ruby-2.3.3/gems/bundler-1.16.0/lib/bundler.rb:114:in `require'
 DEBUG [0260837a] 	
 DEBUG [0260837a] 	/home/deploy/malvani_khulgya/releases/20171210165003/config/application.rb:7:in `<top (required)>'
 DEBUG [0260837a] 	
 DEBUG [0260837a] 	/home/deploy/malvani_khulgya/releases/20171210165003/Rakefile:4:in `require'
 DEBUG [0260837a] 	
 DEBUG [0260837a] 	/home/deploy/malvani_khulgya/releases/20171210165003/Rakefile:4:in `<top (required)>'
 DEBUG [0260837a] 	
 DEBUG [0260837a] 	/home/deploy/malvani_khulgya/shared/bundle/ruby/2.3.0/gems/rake-12.3.0/exe/rake:27:in `<top (required)>'
 DEBUG [0260837a] 	
 DEBUG [0260837a] 	/home/deploy/.rvm/gems/ruby-2.3.3/gems/bundler-1.16.0/lib/bundler/cli/exec.rb:75:in `load'
 DEBUG [0260837a] 	
 DEBUG [0260837a] 	/home/deploy/.rvm/gems/ruby-2.3.3/gems/bundler-1.16.0/lib/bundler/cli/exec.rb:75:in `kernel_load'
 DEBUG [0260837a] 	
 DEBUG [0260837a] 	/home/deploy/.rvm/gems/ruby-2.3.3/gems/bundler-1.16.0/lib/bundler/cli/exec.rb:28:in `run'
 DEBUG [0260837a] 	
 DEBUG [0260837a] 	/home/deploy/.rvm/gems/ruby-2.3.3/gems/bundler-1.16.0/lib/bundler/cli.rb:424:in `exec'
 DEBUG [0260837a] 	
 DEBUG [0260837a] 	/home/deploy/.rvm/gems/ruby-2.3.3/gems/bundler-1.16.0/lib/bundler/vendor/thor/lib/thor/command.rb:27:in `run'
 DEBUG [0260837a] 	
 DEBUG [0260837a] 	/home/deploy/.rvm/gems/ruby-2.3.3/gems/bundler-1.16.0/lib/bundler/vendor/thor/lib/thor/invocation.rb:126:in `invoke_command'
 DEBUG [0260837a] 	
 DEBUG [0260837a] 	/home/deploy/.rvm/gems/ruby-2.3.3/gems/bundler-1.16.0/lib/bundler/vendor/thor/lib/thor.rb:387:in `dispatch'
 DEBUG [0260837a] 	
 DEBUG [0260837a] 	/home/deploy/.rvm/gems/ruby-2.3.3/gems/bundler-1.16.0/lib/bundler/cli.rb:27:in `dispatch'
 DEBUG [0260837a] 	
 DEBUG [0260837a] 	/home/deploy/.rvm/gems/ruby-2.3.3/gems/bundler-1.16.0/lib/bundler/vendor/thor/lib/thor/base.rb:466:in `start'
 DEBUG [0260837a] 	
 DEBUG [0260837a] 	/home/deploy/.rvm/gems/ruby-2.3.3/gems/bundler-1.16.0/lib/bundler/cli.rb:18
 DEBUG [0260837a] 	:in `start'
 DEBUG [0260837a] 	
 DEBUG [0260837a] 	/home/deploy/.rvm/gems/ruby-2.3.3/gems/bundler-1.16.0/exe/bundle:30:in `block in <top (required)>'
 DEBUG [0260837a] 	
 DEBUG [0260837a] 	/home/deploy/.rvm/gems/ruby-2.3.3/gems/bundler-1.16.0/lib/bundler/friendly_errors.rb:122:in `with_friendly_errors'
 DEBUG [0260837a] 	
 DEBUG [0260837a] 	/home/deploy/.rvm/gems/ruby-2.3.3/gems/bundler-1.16.0/exe/bundle:22:in `<top (required)>'
 DEBUG [0260837a] 	
 DEBUG [0260837a] 	/home/deploy/.rvm/gems/ruby-2.3.3/bin/bundle:22:in `load'
 DEBUG [0260837a] 	
 DEBUG [0260837a] 	/home/deploy/.rvm/gems/ruby-2.3.3/bin/bundle:22:in `<main>'
 DEBUG [0260837a] 	
 DEBUG [0260837a] 	/home/deploy/.rvm/gems/ruby-2.3.3/bin/ruby_executable_hooks:15:in `eval'
 DEBUG [0260837a] 	
 DEBUG [0260837a] 	/home/deploy/.rvm/gems/ruby-2.3.3/bin/ruby_executable_hooks:15:in `<main>'
 DEBUG [0260837a] 	
 DEBUG [0260837a] 	
 DEBUG [0260837a] 	Caused by:
 DEBUG [0260837a] 	
 DEBUG [0260837a] 	ExecJS::RuntimeUnavailable: Could not find a JavaScript runtime. See https://github.com/rails/execjs for a list of available runtimes.
 DEBUG [0260837a] 	
 DEBUG [0260837a] 	/home/deploy/malvani_khulgya/shared/bundle/ruby/2.3.0/gems/execjs-2.7.0/lib/execjs/runtimes.rb:58:in `autodetect'
 DEBUG [0260837a] 	
 DEBUG [0260837a] 	/home/deploy/malvani_khulgya/shared/bundle/ruby/2.3.0/gems/execjs-2.7.0/lib/execjs.rb:5:in `<module:ExecJS>'
 DEBUG [0260837a] 	
 DEBUG [0260837a] 	/home/deploy/malvani_khulgya/shared/bundle/ruby/2.3.0/gems/execjs-2.7.0/lib/execjs.rb:4:in `<top (required)>'
 DEBUG [0260837a] 	
 DEBUG [0260837a] 	/home/deploy/malvani_khulgya/shared/bundle/ruby/2.3.0/gems/uglifier-3.2.0/lib/uglifier.rb:5:in `require'
 DEBUG [0260837a] 	
 DEBUG [0260837a] 	/home/deploy/malvani_khulgya/shared/bundle/ruby/2.3.0/gems/uglifier-3.2.0/lib/uglifier.rb:5:in `<top (required)>'
 DEBUG [0260837a] 	
 DEBUG [0260837a] 	/home/deploy/.rvm/gems/ruby-2.3.3/gems/bundler-1.16.0/lib/bundler/runtime.rb:81:in `require'
 DEBUG [0260837a] 	
 DEBUG [0260837a] 	/home/deploy/.rvm/gems/ruby-2.3.3/gems/bundler-1.16.0/lib/bundler/runtime.rb:81:in `block (2 levels) in require'
 DEBUG [0260837a] 	
 DEBUG [0260837a] 	/home/deploy/.rvm/gems/ruby-2.3.3/gems/bundler-1.16.0/lib/bundler/runtime.rb:76:in `each'
 DEBUG [0260837a] 	
 DEBUG [0260837a] 	/home/deploy/.rvm/gems/ruby-2.3.3/gems/bundler-1.16.0/lib/bundler/runtime.rb:76:in `block in require'
 DEBUG [0260837a] 	
 DEBUG [0260837a] 	/home/deploy/.rvm/gems/ruby-2.3.3/gems/bundler-1.16.0/lib/bundler/runtime.rb:65:in `each'
 DEBUG [0260837a] 	
 DEBUG [0260837a] 	/home/deploy/.rvm/gems/ruby-2.3.3/gems/bundler-1.16.0/lib/bundler/runtime.rb:65:in `require'
 DEBUG [0260837a] 	
 DEBUG [0260837a] 	/home/deploy/.rvm/gems/ruby-2.3.3/gems/bundler-1.16.0/lib/bundler.rb:114:in `require'
 DEBUG [0260837a] 	
 DEBUG [0260837a] 	/home/deploy/malvani_khulgya/releases/20171210165003/config/application.rb:7:in `<top (required)>'
 DEBUG [0260837a] 	
 DEBUG [0260837a] 	/home/deploy/malvani_khulgya/releases/20171210165003/Rakefile:4:in `require'
 DEBUG [0260837a] 	
 DEBUG [0260837a] 	/home/deploy/malvani_khulgya/releases/20171210165003/Rakefile:4:in `<top (required)>'
 DEBUG [0260837a] 	
 DEBUG [0260837a] 	/home/deploy/malvani_khulgya/shared/bundle/ruby/2.3.0/gems/rake-12.3.0/exe/rake:27:in `<top (required)>'
 DEBUG [0260837a] 	
 DEBUG [0260837a] 	/home/deploy/.rvm/gems/ruby-2.3.3/gems/bundler-1.16.0/lib/bundler/cli/exec.rb:75:in `load'
 DEBUG [0260837a] 	
 DEBUG [0260837a] 	/home/deploy/.rvm/gems/ruby-2.3.3/gems/bundler-1.16.0/lib/bundler/cli/exec.rb:75:in `kernel_load'
 DEBUG [0260837a] 	
 DEBUG [0260837a] 	/home/deploy/.rvm/gems/ruby-2.3.3/gems/bundler-1.16.0/lib/bundler/cli/exec.rb:28:in `run'
 DEBUG [0260837a] 	
 DEBUG [0260837a] 	/home/deploy/.rvm/gems/ruby-2.3.3/gems/bundler-1.16.0/lib/bundler/cli.rb:424:in `exec'
 DEBUG [0260837a] 	
 DEBUG [0260837a] 	/home/deploy/.rvm/gems/ruby-2.3.3/gems/bundler-1.16.0/lib/bundler/vendor/thor/lib/thor/command.r
 DEBUG [0260837a] 	b:27:in `run'
 DEBUG [0260837a] 	
 DEBUG [0260837a] 	/home/deploy/.rvm/gems/ruby-2.3.3/gems/bundler-1.16.0/lib/bundler/vendor/thor/lib/thor/invocation.rb:126:in `invoke_command'
 DEBUG [0260837a] 	
 DEBUG [0260837a] 	/home/deploy/.rvm/gems/ruby-2.3.3/gems/bundler-1.16.0/lib/bundler/vendor/thor/lib/thor.rb:387:in `dispatch'
 DEBUG [0260837a] 	
 DEBUG [0260837a] 	/home/deploy/.rvm/gems/ruby-2.3.3/gems/bundler-1.16.0/lib/bundler/cli.rb:27:in `dispatch'
 DEBUG [0260837a] 	
 DEBUG [0260837a] 	/home/deploy/.rvm/gems/ruby-2.3.3/gems/bundler-1.16.0/lib/bundler/vendor/thor/lib/thor/base.rb:466:in `start'
 DEBUG [0260837a] 	
 DEBUG [0260837a] 	/home/deploy/.rvm/gems/ruby-2.3.3/gems/bundler-1.16.0/lib/bundler/cli.rb:18:in `start'
 DEBUG [0260837a] 	
 DEBUG [0260837a] 	/home/deploy/.rvm/gems/ruby-2.3.3/gems/bundler-1.16.0/exe/bundle:30:in `block in <top (required)>'
 DEBUG [0260837a] 	
 DEBUG [0260837a] 	/home/deploy/.rvm/gems/ruby-2.3.3/gems/bundler-1.16.0/lib/bundler/friendly_errors.rb:122:in `with_friendly_errors'
 DEBUG [0260837a] 	
 DEBUG [0260837a] 	/home/deploy/.rvm/gems/ruby-2.3.3/gems/bundler-1.16.0/exe/bundle:22:in `<top (required)>'
 DEBUG [0260837a] 	
 DEBUG [0260837a] 	/home/deploy/.rvm/gems/ruby-2.3.3/bin/bundle:22:in `load'
 DEBUG [0260837a] 	
 DEBUG [0260837a] 	/home/deploy/.rvm/gems/ruby-2.3.3/bin/bundle:22:in `<main>'
 DEBUG [0260837a] 	
 DEBUG [0260837a] 	/home/deploy/.rvm/gems/ruby-2.3.3/bin/ruby_executable_hooks:15:in `eval'
 DEBUG [0260837a] 	
 DEBUG [0260837a] 	/home/deploy/.rvm/gems/ruby-2.3.3/bin/ruby_executable_hooks:15:in `<main>'
 DEBUG [0260837a] 	
 DEBUG [0260837a] 	(See full trace by running task with --trace)
 DEBUG [0260837a] 	
